[debug] [2020-05-21T14:19:52.804Z] ----------------------------------------------------------------------
[debug] [2020-05-21T14:19:52.805Z] Command:       /usr/local/bin/firebase /home/nemanja/.cache/firebase/tools/lib/node_modules/firebase-tools/lib/bin/firebase serve
[debug] [2020-05-21T14:19:52.805Z] CLI Version:   8.3.0
[debug] [2020-05-21T14:19:52.806Z] Platform:      linux
[debug] [2020-05-21T14:19:52.806Z] Node Version:  v12.16.1
[debug] [2020-05-21T14:19:52.806Z] Time:          Thu May 21 2020 22:19:52 GMT+0800 (Singapore Standard Time)
[debug] [2020-05-21T14:19:52.806Z] ----------------------------------------------------------------------
[debug] [2020-05-21T14:19:52.806Z] 
[debug] [2020-05-21T14:19:52.812Z] > command requires scopes: ["email","openid","https://www.googleapis.com/auth/cloudplatformprojects.readonly","https://www.googleapis.com/auth/firebase","https://www.googleapis.com/auth/cloud-platform"]
[debug] [2020-05-21T14:19:52.812Z] > authorizing via signed-in user
[debug] [2020-05-21T14:19:52.812Z] [iam] checking project hocu-da-glasam for permissions ["firebase.projects.get"]
[debug] [2020-05-21T14:19:52.814Z] >>> HTTP REQUEST POST https://cloudresourcemanager.googleapis.com/v1/projects/hocu-da-glasam:testIamPermissions  
 {"permissions":["firebase.projects.get"]}
[debug] [2020-05-21T14:19:53.960Z] <<< HTTP RESPONSE 200 {"content-type":"application/json; charset=UTF-8","vary":"X-Origin, Referer, Origin,Accept-Encoding","date":"Thu, 21 May 2020 14:19:53 GMT","server":"ESF","cache-control":"private","x-xss-protection":"0","x-frame-options":"SAMEORIGIN","x-content-type-options":"nosniff","server-timing":"gfet4t7; dur=1006","alt-svc":"h3-27=\":443\"; ma=2592000,h3-25=\":443\"; ma=2592000,h3-T050=\":443\"; ma=2592000,h3-Q050=\":443\"; ma=2592000,h3-Q049=\":443\"; ma=2592000,h3-Q048=\":443\"; ma=2592000,h3-Q046=\":443\"; ma=2592000,h3-Q043=\":443\"; ma=2592000,quic=\":443\"; ma=2592000; v=\"46,43\"","accept-ranges":"none","transfer-encoding":"chunked"}
[debug] [2020-05-21T14:19:53.962Z] >>> HTTP REQUEST GET https://firebase.googleapis.com/v1beta1/projects/hocu-da-glasam  
 
[debug] [2020-05-21T14:19:54.268Z] <<< HTTP RESPONSE 200 {"content-type":"application/json; charset=UTF-8","vary":"X-Origin, Referer, Origin,Accept-Encoding","date":"Thu, 21 May 2020 14:19:54 GMT","server":"ESF","cache-control":"private","x-xss-protection":"0","x-frame-options":"SAMEORIGIN","x-content-type-options":"nosniff","alt-svc":"h3-27=\":443\"; ma=2592000,h3-25=\":443\"; ma=2592000,h3-T050=\":443\"; ma=2592000,h3-Q050=\":443\"; ma=2592000,h3-Q049=\":443\"; ma=2592000,h3-Q048=\":443\"; ma=2592000,h3-Q046=\":443\"; ma=2592000,h3-Q043=\":443\"; ma=2592000,quic=\":443\"; ma=2592000; v=\"46,43\"","accept-ranges":"none","transfer-encoding":"chunked"}
[info] 
[info] === Serving from '/home/nemanja/github/glasanje'...
[info] 
[debug] [2020-05-21T14:19:54.278Z] >>> HTTP REQUEST GET https://firebase.googleapis.com/v1beta1/projects/hocu-da-glasam/webApps/-/config  
 
[warn] ⚠  Your requested "node" version "8" doesn't match your global version "12" {"metadata":{"emulator":{"name":"functions"},"message":"Your requested \"node\" version \"8\" doesn't match your global version \"12\""}}
[debug] [2020-05-21T14:19:54.980Z] <<< HTTP RESPONSE 200 {"content-type":"application/json; charset=UTF-8","vary":"X-Origin, Referer, Origin,Accept-Encoding","date":"Thu, 21 May 2020 14:19:54 GMT","server":"ESF","cache-control":"private","x-xss-protection":"0","x-frame-options":"SAMEORIGIN","x-content-type-options":"nosniff","alt-svc":"h3-27=\":443\"; ma=2592000,h3-25=\":443\"; ma=2592000,h3-T050=\":443\"; ma=2592000,h3-Q050=\":443\"; ma=2592000,h3-Q049=\":443\"; ma=2592000,h3-Q048=\":443\"; ma=2592000,h3-Q046=\":443\"; ma=2592000,h3-Q043=\":443\"; ma=2592000,quic=\":443\"; ma=2592000; v=\"46,43\"","accept-ranges":"none","transfer-encoding":"chunked"}
[info] i  functions: Watching "/home/nemanja/github/glasanje/functions" for Cloud Functions... {"metadata":{"emulator":{"name":"functions"},"message":"Watching \"/home/nemanja/github/glasanje/functions\" for Cloud Functions..."}}
[debug] [2020-05-21T14:19:55.021Z] [worker-pool] addWorker(~diagnostic~) {"metadata":{"emulator":{"name":"functions"},"message":"[worker-pool] addWorker(~diagnostic~)"}}
[debug] [2020-05-21T14:19:55.022Z] [worker-pool] Adding worker with key ~diagnostic~, total=1 {"metadata":{"emulator":{"name":"functions"},"message":"[worker-pool] Adding worker with key ~diagnostic~, total=1"}}
[debug] [2020-05-21T14:19:55.022Z] [worker-pool] submitWork(triggerId=) {"metadata":{"emulator":{"name":"functions"},"message":"[worker-pool] submitWork(triggerId=)"}}
[debug] [2020-05-21T14:19:55.023Z] [worker-~diagnostic~-23d4a16c-8a8d-400f-b9e5-e958a38bf131]: Assigning socketPath: /tmp/fire_emu_71725.sock {"metadata":{"emulator":{"name":"functions"},"message":"[worker-~diagnostic~-23d4a16c-8a8d-400f-b9e5-e958a38bf131]: Assigning socketPath: /tmp/fire_emu_71725.sock"}}
[debug] [2020-05-21T14:19:55.024Z] [worker-~diagnostic~-23d4a16c-8a8d-400f-b9e5-e958a38bf131]: BUSY {"metadata":{"emulator":{"name":"functions"},"message":"[worker-~diagnostic~-23d4a16c-8a8d-400f-b9e5-e958a38bf131]: BUSY"}}
[info] i  hosting: Serving hosting files from: dist/glasanje {"metadata":{"emulator":{"name":"hosting"},"message":"Serving hosting files from: \u001b[1mdist/glasanje\u001b[22m"}}
[info] ✔  hosting: Local server: http://localhost:5000 {"metadata":{"emulator":{"name":"hosting"},"message":"Local server: \u001b[4m\u001b[1mhttp://localhost:5000\u001b[22m\u001b[24m"}}
[debug] [2020-05-21T14:19:55.444Z] [runtime-status] [71725] Functions runtime initialized. {"cwd":"/home/nemanja/github/glasanje/functions","node_version":"12.16.1"} {"metadata":{"emulator":{"name":"functions"},"message":"[runtime-status] [71725] Functions runtime initialized. {\"cwd\":\"/home/nemanja/github/glasanje/functions\",\"node_version\":\"12.16.1\"}"}}
[debug] [2020-05-21T14:19:55.446Z] [runtime-status] [71725] Disabled runtime features: undefined {"metadata":{"emulator":{"name":"functions"},"message":"[runtime-status] [71725] Disabled runtime features: undefined"}}
[debug] [2020-05-21T14:19:55.450Z] [runtime-status] [71725] Resolved module firebase-admin {"declared":true,"installed":true,"version":"8.12.1","resolution":"/home/nemanja/github/glasanje/functions/node_modules/firebase-admin/lib/index.js"} {"metadata":{"emulator":{"name":"functions"},"message":"[runtime-status] [71725] Resolved module firebase-admin {\"declared\":true,\"installed\":true,\"version\":\"8.12.1\",\"resolution\":\"/home/nemanja/github/glasanje/functions/node_modules/firebase-admin/lib/index.js\"}"}}
[debug] [2020-05-21T14:19:55.451Z] [runtime-status] [71725] Resolved module firebase-functions {"declared":true,"installed":true,"version":"3.6.1","resolution":"/home/nemanja/github/glasanje/functions/node_modules/firebase-functions/lib/index.js"} {"metadata":{"emulator":{"name":"functions"},"message":"[runtime-status] [71725] Resolved module firebase-functions {\"declared\":true,\"installed\":true,\"version\":\"3.6.1\",\"resolution\":\"/home/nemanja/github/glasanje/functions/node_modules/firebase-functions/lib/index.js\"}"}}
[debug] [2020-05-21T14:19:55.455Z] [runtime-status] [71725] Outgoing network have been stubbed. [{"name":"http","status":"mocked"},{"name":"http","status":"mocked"},{"name":"https","status":"mocked"},{"name":"https","status":"mocked"},{"name":"net","status":"mocked"}] {"metadata":{"emulator":{"name":"functions"},"message":"[runtime-status] [71725] Outgoing network have been stubbed. [{\"name\":\"http\",\"status\":\"mocked\"},{\"name\":\"http\",\"status\":\"mocked\"},{\"name\":\"https\",\"status\":\"mocked\"},{\"name\":\"https\",\"status\":\"mocked\"},{\"name\":\"net\",\"status\":\"mocked\"}]"}}
[debug] [2020-05-21T14:19:55.525Z] [runtime-status] [71725] Checked functions.config() {"config":{}} {"metadata":{"emulator":{"name":"functions"},"message":"[runtime-status] [71725] Checked functions.config() {\"config\":{}}"}}
[debug] [2020-05-21T14:19:55.527Z] [runtime-status] [71725] Resolved module firebase-functions {"declared":true,"installed":true,"version":"3.6.1","resolution":"/home/nemanja/github/glasanje/functions/node_modules/firebase-functions/lib/index.js"} {"metadata":{"emulator":{"name":"functions"},"message":"[runtime-status] [71725] Resolved module firebase-functions {\"declared\":true,\"installed\":true,\"version\":\"3.6.1\",\"resolution\":\"/home/nemanja/github/glasanje/functions/node_modules/firebase-functions/lib/index.js\"}"}}
[debug] [2020-05-21T14:19:55.530Z] [runtime-status] [71725] Resolved module firebase-admin {"declared":true,"installed":true,"version":"8.12.1","resolution":"/home/nemanja/github/glasanje/functions/node_modules/firebase-admin/lib/index.js"} {"metadata":{"emulator":{"name":"functions"},"message":"[runtime-status] [71725] Resolved module firebase-admin {\"declared\":true,\"installed\":true,\"version\":\"8.12.1\",\"resolution\":\"/home/nemanja/github/glasanje/functions/node_modules/firebase-admin/lib/index.js\"}"}}
[debug] [2020-05-21T14:19:55.531Z] [runtime-status] [71725] Resolved module firebase-functions {"declared":true,"installed":true,"version":"3.6.1","resolution":"/home/nemanja/github/glasanje/functions/node_modules/firebase-functions/lib/index.js"} {"metadata":{"emulator":{"name":"functions"},"message":"[runtime-status] [71725] Resolved module firebase-functions {\"declared\":true,\"installed\":true,\"version\":\"3.6.1\",\"resolution\":\"/home/nemanja/github/glasanje/functions/node_modules/firebase-functions/lib/index.js\"}"}}
[debug] [2020-05-21T14:19:55.531Z] [runtime-status] [71725] firebase-admin has been stubbed. {"adminResolution":{"declared":true,"installed":true,"version":"8.12.1","resolution":"/home/nemanja/github/glasanje/functions/node_modules/firebase-admin/lib/index.js"}} {"metadata":{"emulator":{"name":"functions"},"message":"[runtime-status] [71725] firebase-admin has been stubbed. {\"adminResolution\":{\"declared\":true,\"installed\":true,\"version\":\"8.12.1\",\"resolution\":\"/home/nemanja/github/glasanje/functions/node_modules/firebase-admin/lib/index.js\"}}"}}
[warn] ⚠  Error: Cannot find module '/home/nemanja/github/glasanje/functions/lib/index.js'. Please verify that the package.json has a valid "main" entry
    at tryPackage (internal/modules/cjs/loader.js:314:19)
    at Function.Module._findPath (internal/modules/cjs/loader.js:703:18)
    at Function.Module._resolveFilename (internal/modules/cjs/loader.js:967:27)
    at Function.Module._resolveFilename (pkg/prelude/bootstrap.js:1346:46)
    at Function.Module._load (internal/modules/cjs/loader.js:862:27)
    at Module.require (internal/modules/cjs/loader.js:1042:19)
    at Module.require (pkg/prelude/bootstrap.js:1225:31)
    at require (internal/modules/cjs/helpers.js:77:18)
    at /home/nemanja/.cache/firebase/tools/lib/node_modules/firebase-tools/lib/emulator/functionsEmulatorRuntime.js:660:33
    at Generator.next (<anonymous>) {"metadata":{"emulator":{"name":"functions"},"message":"Error: Cannot find module '/home/nemanja/github/glasanje/functions/lib/index.js'. Please verify that the package.json has a valid \"main\" entry\n    at tryPackage (internal/modules/cjs/loader.js:314:19)\n    at Function.Module._findPath (internal/modules/cjs/loader.js:703:18)\n    at Function.Module._resolveFilename (internal/modules/cjs/loader.js:967:27)\n    at Function.Module._resolveFilename (pkg/prelude/bootstrap.js:1346:46)\n    at Function.Module._load (internal/modules/cjs/loader.js:862:27)\n    at Module.require (internal/modules/cjs/loader.js:1042:19)\n    at Module.require (pkg/prelude/bootstrap.js:1225:31)\n    at require (internal/modules/cjs/helpers.js:77:18)\n    at /home/nemanja/.cache/firebase/tools/lib/node_modules/firebase-tools/lib/emulator/functionsEmulatorRuntime.js:660:33\n    at Generator.next (<anonymous>)"}}
[warn] ⚠  We were unable to load your functions code. (see above)
   - It appears your code is written in Typescript, which must be compiled before emulation.
   - You may be able to run "npm run build" in your functions directory to resolve this. {"metadata":{"emulator":{"name":"functions"}}}
[debug] [2020-05-21T14:19:55.566Z] [worker-~diagnostic~-23d4a16c-8a8d-400f-b9e5-e958a38bf131]: exited {"metadata":{"emulator":{"name":"functions"},"message":"[worker-~diagnostic~-23d4a16c-8a8d-400f-b9e5-e958a38bf131]: exited"}}
[debug] [2020-05-21T14:19:55.567Z] [worker-~diagnostic~-23d4a16c-8a8d-400f-b9e5-e958a38bf131]: FINISHED {"metadata":{"emulator":{"name":"functions"},"message":"[worker-~diagnostic~-23d4a16c-8a8d-400f-b9e5-e958a38bf131]: FINISHED"}}
